<?xml version="1.0" encoding="UTF-8"?>
<!-- Generated by org.testng.reporters.JUnitReportReporter -->
<testsuite hostname="DESKTOP-O1L3CJG" failures="0" tests="1" name="Demo.Test.test" time="10.252" errors="0" timestamp="2024-11-11T10:09:12 IST" skipped="0">
  <testcase classname="Demo.Test.test" name="demoTest" time="10.252"/>
</testsuite> <!-- Demo.Test.test -->
