<?xml version="1.0" encoding="UTF-8"?>
<!-- Generated by org.testng.reporters.JUnitReportReporter -->
<testsuite hostname="DESKTOP-EGUL54O" failures="0" tests="1" name="Demo.Test.test" time="41.236" errors="0" timestamp="2024-10-22T12:35:58 IST" skipped="0">
  <testcase classname="Demo.Test.test" name="demoTest" time="41.236"/>
</testsuite> <!-- Demo.Test.test -->
