<?xml version="1.0" encoding="UTF-8"?>
<!-- Generated by org.testng.reporters.JUnitReportReporter -->
<testsuite hostname="DESKTOP-O1L3CJG" failures="0" tests="1" name="Demo.Test.test" time="9.788" errors="0" timestamp="2024-12-12T09:59:20 IST" skipped="0">
  <testcase classname="Demo.Test.test" name="demoTest" time="9.788"/>
</testsuite> <!-- Demo.Test.test -->
