<?xml version="1.0" encoding="UTF-8"?>
<!-- Generated by org.testng.reporters.JUnitReportReporter -->
<testsuite hostname="D-22" failures="0" tests="1" name="Demo.Test.test" time="12.401" errors="0" timestamp="2025-06-17T11:46:58 IST" skipped="0">
  <testcase classname="Demo.Test.test" name="demoTest" time="12.401"/>
</testsuite> <!-- Demo.Test.test -->
