<?xml version="1.0" encoding="UTF-8"?>
<!-- Generated by org.testng.reporters.JUnitReportReporter -->
<testsuite hostname="DESKTOP-O1L3CJG" failures="0" tests="1" name="Demo.Test.test1" time="12.110" errors="0" timestamp="2024-12-12T09:55:13 IST" skipped="0">
  <testcase classname="Demo.Test.test1" name="demoTesttwo" time="12.110"/>
</testsuite> <!-- Demo.Test.test1 -->
