<?xml version="1.0" encoding="UTF-8"?>
<!-- Generated by org.testng.reporters.JUnitReportReporter -->
<testsuite hostname="DESKTOP-O1L3CJG" failures="0" tests="1" name="Demo.Test.test" time="10.689" errors="0" timestamp="2024-11-12T09:44:05 IST" skipped="0">
  <testcase classname="Demo.Test.test" name="demoTest" time="10.689"/>
</testsuite> <!-- Demo.Test.test -->
