<?xml version="1.0" encoding="UTF-8"?>
<!-- Generated by org.testng.reporters.JUnitReportReporter -->
<testsuite hostname="D-22" failures="0" tests="1" name="Demo.Test.test" time="12.723" errors="0" timestamp="2025-06-24T11:27:15 IST" skipped="0">
  <testcase classname="Demo.Test.test" name="demoTest" time="12.723"/>
</testsuite> <!-- Demo.Test.test -->
