<?xml version="1.0" encoding="UTF-8"?>
<!-- Generated by org.testng.reporters.JUnitReportReporter -->
<testsuite hostname="DESKTOP-O1L3CJG" failures="0" tests="1" name="Demo.Test.test" time="9.535" errors="0" timestamp="2024-11-15T16:00:16 IST" skipped="0">
  <testcase classname="Demo.Test.test" name="demoTest" time="9.535"/>
</testsuite> <!-- Demo.Test.test -->
