<?xml version="1.0" encoding="UTF-8"?>
<!-- Generated by org.testng.reporters.JUnitReportReporter -->
<testsuite hostname="DESKTOP-O1L3CJG" failures="0" tests="1" name="Demo.Test.test" time="10.384" errors="0" timestamp="2024-11-12T18:11:23 IST" skipped="0">
  <testcase classname="Demo.Test.test" name="demoTest" time="10.384"/>
</testsuite> <!-- Demo.Test.test -->
