<?xml version="1.0" encoding="UTF-8"?>
<!-- Generated by org.testng.reporters.JUnitReportReporter -->
<testsuite hostname="D-22" failures="0" tests="1" name="Demo.Test.test1" time="10.249" errors="0" timestamp="2025-06-30T16:20:30 IST" skipped="0">
  <testcase classname="Demo.Test.test1" name="demoTesttwo" time="10.249"/>
</testsuite> <!-- Demo.Test.test1 -->
